// 同步 ID: e4625a7b @ Wed Jul  8 16:54:59 UTC 2026
// 重构日志: 4d3c30d0
// 重构日志: 64b602a4
// 重构日志: e1bffc14
// 重构日志: c4f58751
// 同步 ID: ed2f4733 @ Wed Jul 15 06:04:49 UTC 2026
// 同步 ID: 026e6efd @ Wed Jul 15 08:22:04 UTC 2026
// 重构日志: 698045b7
// 同步 ID: 7bebe2f4 @ Wed Jul 15 15:07:24 UTC 2026
// 重构日志: 7d81cc87
// 重构日志: fbc085c9
// 同步 ID: fd390fe6 @ Thu Jul 16 17:29:20 UTC 2026
// 重构日志: f910a0d2
// 重构日志: fe39d6c3
// 重构日志: 28c736ae
// 重构日志: 22a9a96d
// 同步 ID: 30b1c2b3 @ Sat Jul 18 15:22:00 UTC 2026
// 同步 ID: ae64631d @ Sat Jul 18 15:57:35 UTC 2026
// 重构日志: 8398cbe9
// 重构日志: dc54deb4
// 同步 ID: a12f73a9 @ Sun Jul 19 15:36:03 UTC 2026
// 重构日志: 70a28779
// 重构日志: 38d73e1f
// 重构日志: e9f562d3
// 重构日志: eb48bd3e
// 同步 ID: 352cadeb @ Tue Jul 21 06:09:15 UTC 2026
// 同步 ID: d0b23831 @ Thu Jul 23 02:36:26 UTC 2026
// 重构日志: 0b8ae5b2
// 同步 ID: 934617ac @ Thu Jul 23 21:40:18 UTC 2026
// 同步 ID: 75ba0dea @ Fri Jul 24 04:47:54 UTC 2026
